<?xml version="1.0" encoding="UTF-8"?>
<!-- Generated by org.testng.reporters.JUnitReportReporter -->
<testsuite hostname="KumarGaurav-PC" name="com.AutomationTask.DemoProject.TestCase1" tests="2" failures="0" timestamp="20 Jul 2020 06:37:33 GMT" time="21.753" errors="0">
  <testcase name="test3" time="12.347" classname="com.AutomationTask.DemoProject.TestCase1"/>
  <testcase name="test1" time="9.406" classname="com.AutomationTask.DemoProject.TestCase1"/>
</testsuite> <!-- com.AutomationTask.DemoProject.TestCase1 -->
